{"/home/maex/projects/own/editorconfig-checker/editorconfig-checker.javascript/src/utils/file-utils.js": {"path":"/home/maex/projects/own/editorconfig-checker/editorconfig-checker.javascript/src/utils/file-utils.js","statementMap":{"0":{"start":{"line":3,"column":27},"end":{"line":3,"column":71}},"1":{"start":{"line":3,"column":34},"end":{"line":3,"column":71}}},"fnMap":{"0":{"name":"(anonymous_0)","decl":{"start":{"line":3,"column":27},"end":{"line":3,"column":28}},"loc":{"start":{"line":3,"column":34},"end":{"line":3,"column":71}}}},"branchMap":{},"s":{"0":1,"1":2},"f":{"0":2},"b":{},"_coverageSchema":"332fd63041d2c1bcb487cc26dd0d5f7d97098a6c","hash":"8970ee47a033ef8a87c25f6ae1df6a890860d380"}
}
